Restore Archived Project report for lab8
Wed May 08 15:28:55 2019
Quartus Prime Version 18.1.0 Build 625 09/12/2018 SJ Lite Edition


---------------------
; Table of Contents ;
---------------------
  1. Legal Notice
  2. Restore Archived Project Summary
  3. Restore Archived Project Messages
  4. Files Restored
  5. Files Not Restored



----------------
; Legal Notice ;
----------------
Copyright (C) 2018  Intel Corporation. All rights reserved.
Your use of Intel Corporation's design tools, logic functions 
and other software and tools, and its AMPP partner logic 
functions, and any output files from any of the foregoing 
(including device programming or simulation files), and any 
associated documentation or information are expressly subject 
to the terms and conditions of the Intel Program License 
Subscription Agreement, the Intel Quartus Prime License Agreement,
the Intel FPGA IP License Agreement, or other applicable license
agreement, including, without limitation, that your use is for
the sole purpose of programming logic devices manufactured by
Intel and sold by Intel or its authorized distributors.  Please
refer to the applicable agreement for further details.



+-------------------------------------------------------------------------+
; Restore Archived Project Summary                                        ;
+---------------------------------+---------------------------------------+
; Restore Archived Project Status ; Successful - Wed May 08 15:28:55 2019 ;
; Revision Name                   ; lab8                                  ;
; Top-level Entity Name           ; lab8                                  ;
; Family                          ; Cyclone IV E                          ;
+---------------------------------+---------------------------------------+


+-----------------------------------+
; Restore Archived Project Messages ;
+-----------------------------------+
Info: Successfully restored 'C:/Users/BILLCHEN/Desktop/study/ece385/ece385_final/I_wanna_be_the_zuofu_tmp_archive.qar' into the 'C:/Users/BILLCHEN/Desktop' directory
Info: Generated report 'lab8.restore.rpt'


+------------------------------------------------------------------------------------------------------------+
; Files Restored                                                                                             ;
+------------------------------------------------------------------------------------------------------------+
; File Name                                                                                                  ;
+------------------------------------------------------------------------------------------------------------+
; qar_info.json                                                                                              ;
; FPGA_SoC_Game_Deisgn-master/FPGA_SoC_Game_Deisgn-master/audio_controller.sv                                ;
; ece385_final/Apple.txt                                                                                     ;
; ece385_final/Apple_Array_1.sv                                                                              ;
; ece385_final/Apple_Array_2.sv                                                                              ;
; ece385_final/Apple_array.sv                                                                                ;
; ece385_final/Color_Mapper.sv                                                                               ;
; ece385_final/Gameover.sv                                                                                   ;
; ece385_final/Gameover.txt                                                                                  ;
; ece385_final/Ground.txt                                                                                    ;
; ece385_final/HP_bar.sv                                                                                     ;
; ece385_final/HexDriver.sv                                                                                  ;
; ece385_final/I_wanna_be_the_zuofu.qpf                                                                      ;
; ece385_final/I_wanna_be_the_zuofu_tmp_archive.qarlog                                                       ;
; ece385_final/Idle.txt                                                                                      ;
; ece385_final/LifeCount.sv                                                                                  ;
; ece385_final/LifeCount.txt                                                                                 ;
; ece385_final/MAP.sv                                                                                        ;
; ece385_final/MapEnd.txt                                                                                    ;
; ece385_final/Mem2IO.sv                                                                                     ;
; ece385_final/PLLJ_PLLSPE_INFO.txt                                                                          ;
; ece385_final/SRAM.sv                                                                                       ;
; ece385_final/Spike.txt                                                                                     ;
; ece385_final/Spike_Array.sv                                                                                ;
; ece385_final/Spike_Array_1.sv                                                                              ;
; ece385_final/Spike_Array_2.sv                                                                              ;
; ece385_final/Status.txt                                                                                    ;
; ece385_final/Title.sv                                                                                      ;
; ece385_final/Title.txt                                                                                     ;
; ece385_final/VGA_controller.sv                                                                             ;
; ece385_final/Walking.txt                                                                                   ;
; ece385_final/Win.sv                                                                                        ;
; ece385_final/Win.txt                                                                                       ;
; ece385_final/__lab7_usb.auto.qarlog                                                                        ;
; ece385_final/__lab8.auto.qarlog                                                                            ;
; ece385_final/apple.txt                                                                                     ;
; ece385_final/apple_shooter.sv                                                                              ;
; ece385_final/assignment_defaults.qdf                                                                       ;
; ece385_final/ball.sv                                                                                       ;
; ece385_final/bb.txt                                                                                        ;
; ece385_final/block_array.sv                                                                                ;
; ece385_final/boss.sv                                                                                       ;
; ece385_final/bullet.sv                                                                                     ;
; ece385_final/bullet_gen.sv                                                                                 ;
; ece385_final/fpga.txt                                                                                      ;
; ece385_final/gameover.txt                                                                                  ;
; ece385_final/ground.txt                                                                                    ;
; ece385_final/hpi_io_intf.sv                                                                                ;
; ece385_final/idle.txt                                                                                      ;
; ece385_final/lab7_usb.flow.rpt                                                                             ;
; ece385_final/lab7_usb.map.rpt                                                                              ;
; ece385_final/lab7_usb.map.summary                                                                          ;
; ece385_final/lab7_usb.qsf                                                                                  ;
; ece385_final/lab8.qsf                                                                                      ;
; ece385_final/lab8.sv                                                                                       ;
; ece385_final/lab8_assignment_defaults.qdf                                                                  ;
; ece385_final/lab8_log.txt                                                                                  ;
; ece385_final/lab8_soc.qsys                                                                                 ;
; ece385_final/lab8_soc.sopcinfo                                                                             ;
; ece385_final/lab8_soc/lab8_soc.cmp                                                                         ;
; ece385_final/lab8_soc/synthesis/lab8_soc.debuginfo                                                         ;
; ece385_final/lab8_soc/synthesis/lab8_soc.qip                                                               ;
; ece385_final/lab8_soc/synthesis/lab8_soc.regmap                                                            ;
; ece385_final/lab8_soc/synthesis/lab8_soc.v                                                                 ;
; ece385_final/lab8_soc/synthesis/submodules/altera_avalon_sc_fifo.v                                         ;
; ece385_final/lab8_soc/synthesis/submodules/altera_avalon_st_clock_crosser.v                                ;
; ece385_final/lab8_soc/synthesis/submodules/altera_avalon_st_handshake_clock_crosser.sdc                    ;
; ece385_final/lab8_soc/synthesis/submodules/altera_avalon_st_handshake_clock_crosser.v                      ;
; ece385_final/lab8_soc/synthesis/submodules/altera_avalon_st_pipeline_base.v                                ;
; ece385_final/lab8_soc/synthesis/submodules/altera_merlin_arbitrator.sv                                     ;
; ece385_final/lab8_soc/synthesis/submodules/altera_merlin_burst_uncompressor.sv                             ;
; ece385_final/lab8_soc/synthesis/submodules/altera_merlin_master_agent.sv                                   ;
; ece385_final/lab8_soc/synthesis/submodules/altera_merlin_master_translator.sv                              ;
; ece385_final/lab8_soc/synthesis/submodules/altera_merlin_slave_agent.sv                                    ;
; ece385_final/lab8_soc/synthesis/submodules/altera_merlin_slave_translator.sv                               ;
; ece385_final/lab8_soc/synthesis/submodules/altera_reset_controller.sdc                                     ;
; ece385_final/lab8_soc/synthesis/submodules/altera_reset_controller.v                                       ;
; ece385_final/lab8_soc/synthesis/submodules/altera_reset_synchronizer.v                                     ;
; ece385_final/lab8_soc/synthesis/submodules/altera_std_synchronizer_nocut.v                                 ;
; ece385_final/lab8_soc/synthesis/submodules/lab8_soc_acc.v                                                  ;
; ece385_final/lab8_soc/synthesis/submodules/lab8_soc_audio.v                                                ;
; ece385_final/lab8_soc/synthesis/submodules/lab8_soc_audio_index.v                                          ;
; ece385_final/lab8_soc/synthesis/submodules/lab8_soc_audio_show.v                                           ;
; ece385_final/lab8_soc/synthesis/submodules/lab8_soc_irq_mapper.sv                                          ;
; ece385_final/lab8_soc/synthesis/submodules/lab8_soc_jtag_uart_0.v                                          ;
; ece385_final/lab8_soc/synthesis/submodules/lab8_soc_keycode.v                                              ;
; ece385_final/lab8_soc/synthesis/submodules/lab8_soc_mm_interconnect_0.v                                    ;
; ece385_final/lab8_soc/synthesis/submodules/lab8_soc_mm_interconnect_0_avalon_st_adapter.v                  ;
; ece385_final/lab8_soc/synthesis/submodules/lab8_soc_mm_interconnect_0_avalon_st_adapter_error_adapter_0.sv ;
; ece385_final/lab8_soc/synthesis/submodules/lab8_soc_mm_interconnect_0_cmd_demux.sv                         ;
; ece385_final/lab8_soc/synthesis/submodules/lab8_soc_mm_interconnect_0_cmd_demux_001.sv                     ;
; ece385_final/lab8_soc/synthesis/submodules/lab8_soc_mm_interconnect_0_cmd_mux.sv                           ;
; ece385_final/lab8_soc/synthesis/submodules/lab8_soc_mm_interconnect_0_cmd_mux_001.sv                       ;
; ece385_final/lab8_soc/synthesis/submodules/lab8_soc_mm_interconnect_0_router.sv                            ;
; ece385_final/lab8_soc/synthesis/submodules/lab8_soc_mm_interconnect_0_router_001.sv                        ;
; ece385_final/lab8_soc/synthesis/submodules/lab8_soc_mm_interconnect_0_router_002.sv                        ;
; ece385_final/lab8_soc/synthesis/submodules/lab8_soc_mm_interconnect_0_router_003.sv                        ;
; ece385_final/lab8_soc/synthesis/submodules/lab8_soc_mm_interconnect_0_rsp_demux.sv                         ;
; ece385_final/lab8_soc/synthesis/submodules/lab8_soc_mm_interconnect_0_rsp_demux_001.sv                     ;
; ece385_final/lab8_soc/synthesis/submodules/lab8_soc_mm_interconnect_0_rsp_mux.sv                           ;
; ece385_final/lab8_soc/synthesis/submodules/lab8_soc_mm_interconnect_0_rsp_mux_001.sv                       ;
; ece385_final/lab8_soc/synthesis/submodules/lab8_soc_nios2_gen2_0.v                                         ;
; ece385_final/lab8_soc/synthesis/submodules/lab8_soc_nios2_gen2_0_cpu.sdc                                   ;
; ece385_final/lab8_soc/synthesis/submodules/lab8_soc_nios2_gen2_0_cpu.v                                     ;
; ece385_final/lab8_soc/synthesis/submodules/lab8_soc_nios2_gen2_0_cpu_debug_slave_sysclk.v                  ;
; ece385_final/lab8_soc/synthesis/submodules/lab8_soc_nios2_gen2_0_cpu_debug_slave_tck.v                     ;
; ece385_final/lab8_soc/synthesis/submodules/lab8_soc_nios2_gen2_0_cpu_debug_slave_wrapper.v                 ;
; ece385_final/lab8_soc/synthesis/submodules/lab8_soc_nios2_gen2_0_cpu_ociram_default_contents.mif           ;
; ece385_final/lab8_soc/synthesis/submodules/lab8_soc_nios2_gen2_0_cpu_rf_ram_a.mif                          ;
; ece385_final/lab8_soc/synthesis/submodules/lab8_soc_nios2_gen2_0_cpu_rf_ram_b.mif                          ;
; ece385_final/lab8_soc/synthesis/submodules/lab8_soc_nios2_gen2_0_cpu_test_bench.v                          ;
; ece385_final/lab8_soc/synthesis/submodules/lab8_soc_onchip_memory2_0.hex                                   ;
; ece385_final/lab8_soc/synthesis/submodules/lab8_soc_onchip_memory2_0.v                                     ;
; ece385_final/lab8_soc/synthesis/submodules/lab8_soc_otg_hpi_address.v                                      ;
; ece385_final/lab8_soc/synthesis/submodules/lab8_soc_otg_hpi_cs.v                                           ;
; ece385_final/lab8_soc/synthesis/submodules/lab8_soc_otg_hpi_data.v                                         ;
; ece385_final/lab8_soc/synthesis/submodules/lab8_soc_sdram.v                                                ;
; ece385_final/lab8_soc/synthesis/submodules/lab8_soc_sdram_pll.v                                            ;
; ece385_final/lab8_soc/synthesis/submodules/lab8_soc_sdram_test_component.v                                 ;
; ece385_final/lab8_soc/synthesis/submodules/lab8_soc_sysid_qsys_0.v                                         ;
; ece385_final/lab8_tmp_archive.qarlog                                                                       ;
; ece385_final/map1.txt                                                                                      ;
; ece385_final/mapend.txt                                                                                    ;
; ece385_final/music_space.txt                                                                               ;
; ece385_final/ram.sv                                                                                        ;
; ece385_final/rtc.sv                                                                                        ;
; ece385_final/spike.txt                                                                                     ;
; ece385_final/status.txt                                                                                    ;
; ece385_final/title.txt                                                                                     ;
; ece385_final/tristate.sv                                                                                   ;
; ece385_final/vga_clk.ppf                                                                                   ;
; ece385_final/vga_clk.qip                                                                                   ;
; ece385_final/vga_clk.v                                                                                     ;
; ece385_final/walking.txt                                                                                   ;
; ece385_final/win.txt                                                                                       ;
+------------------------------------------------------------------------------------------------------------+


+--------------------+
; Files Not Restored ;
+--------------------+
; File Name          ;
+--------------------+


